\BOOKMARK [1][-]{section.1}{Introduction}{}% 1
\BOOKMARK [1][-]{section.2}{Motivation}{}% 2
\BOOKMARK [1][-]{section.3}{Previous Work}{}% 3
\BOOKMARK [2][-]{subsection.3.1}{Theories of Incrementality}{section.3}% 4
\BOOKMARK [2][-]{subsection.3.2}{Cognitive Models}{section.3}% 5
\BOOKMARK [1][-]{section.4}{Background}{}% 6
\BOOKMARK [2][-]{subsection.4.1}{Linguistic Theory}{section.4}% 7
\BOOKMARK [1][-]{section.5}{ACT-R}{}% 8
\BOOKMARK [1][-]{section.6}{Model}{}% 9
\BOOKMARK [2][-]{subsection.6.1}{Declarative Memory}{section.6}% 10
\BOOKMARK [2][-]{subsection.6.2}{Production Rules}{section.6}% 11
\BOOKMARK [2][-]{subsection.6.3}{Input}{section.6}% 12
\BOOKMARK [2][-]{subsection.6.4}{Output}{section.6}% 13
\BOOKMARK [1][-]{section.7}{Experiment 1}{}% 14
\BOOKMARK [2][-]{subsection.7.1}{Branching Factor}{section.7}% 15
\BOOKMARK [2][-]{subsection.7.2}{Working Memory Usage}{section.7}% 16
\BOOKMARK [2][-]{subsection.7.3}{Edit Distance}{section.7}% 17
\BOOKMARK [2][-]{subsection.7.4}{Results}{section.7}% 18
\BOOKMARK [2][-]{subsection.7.5}{Discussion}{section.7}% 19
\BOOKMARK [1][-]{section.8}{Research Questions}{}% 20
\BOOKMARK [1][-]{section.9}{Experiment 2}{}% 21
\BOOKMARK [2][-]{subsection.9.1}{Results}{section.9}% 22
\BOOKMARK [2][-]{subsection.9.2}{Discussion}{section.9}% 23
\BOOKMARK [1][-]{section.10}{Results}{}% 24
\BOOKMARK [2][-]{subsection.10.1}{Working Memory Load}{section.10}% 25
\BOOKMARK [2][-]{subsection.10.2}{Edit Distance}{section.10}% 26
\BOOKMARK [1][-]{section.11}{General Discussion}{}% 27
\BOOKMARK [1][-]{section.12}{Conclusion}{}% 28
